{
  "uid" : "5dd31b2a144fa1f2",
  "name" : "Post creation",
  "fullName" : "tests.post_creation_test.TestPostCreation#test_post_creation",
  "historyId" : "6d7870466a27c420521208da507f9db4",
  "time" : {
    "start" : 1716118017579,
    "stop" : 1716118028006,
    "duration" : 10427
  },
  "description" : " Positive scenario to test if notification is shown and post indeed created ",
  "descriptionHtml" : "<p>Positive scenario to test if notification is shown and post indeed created</p>\n",
  "status" : "broken",
  "statusMessage" : "selenium.common.exceptions.TimeoutException: Message:",
  "statusTrace" : "self = <post_creation_test.TestPostCreation object at 0x7f7979568770>\n\n    @allure.title('Post creation')\n    @allure.severity('Critical')\n    def test_post_creation(self):\n        \"\"\" Positive scenario to test if notification is shown and post indeed created \"\"\"\n    \n        # Pre-condition\n>       self.login_page.login(self.data.EMAIL, self.data.PASSWORD)\n\ntests/post_creation_test.py:16: \n_ _ _ _ _ _ _ _ _ _ _ _ _ _ _ _ _ _ _ _ _ _ _ _ _ _ _ _ _ _ _ _ _ _ _ _ _ _ _ _ \npages/login_page.py:30: in login\n    self.click_submit()\npages/login_page.py:24: in click_submit\n    self.wait.until(EC.element_to_be_clickable(self.SUBMIT_BUTTON)).click()\n_ _ _ _ _ _ _ _ _ _ _ _ _ _ _ _ _ _ _ _ _ _ _ _ _ _ _ _ _ _ _ _ _ _ _ _ _ _ _ _ \n\nself = <selenium.webdriver.support.wait.WebDriverWait (session=\"3db9fc24db4b44651423563e0fd3b8c6\")>\nmethod = <function element_to_be_clickable.<locals>._predicate at 0x7f7979110720>\nmessage = ''\n\n    def until(self, method: Callable[[D], Union[Literal[False], T]], message: str = \"\") -> T:\n        \"\"\"Calls the method provided with the driver as an argument until the \\\n        return value does not evaluate to ``False``.\n    \n        :param method: callable(WebDriver)\n        :param message: optional message for :exc:`TimeoutException`\n        :returns: the result of the last call to `method`\n        :raises: :exc:`selenium.common.exceptions.TimeoutException` if timeout occurs\n        \"\"\"\n        screen = None\n        stacktrace = None\n    \n        end_time = time.monotonic() + self._timeout\n        while True:\n            try:\n                value = method(self._driver)\n                if value:\n                    return value\n            except self._ignored_exceptions as exc:\n                screen = getattr(exc, \"screen\", None)\n                stacktrace = getattr(exc, \"stacktrace\", None)\n            time.sleep(self._poll)\n            if time.monotonic() > end_time:\n                break\n>       raise TimeoutException(message, screen, stacktrace)\nE       selenium.common.exceptions.TimeoutException: Message:\n\n../local/lib/python3.12/site-packages/selenium/webdriver/support/wait.py:105: TimeoutException",
  "flaky" : false,
  "newFailed" : false,
  "beforeStages" : [ {
    "name" : "setup",
    "time" : {
      "start" : 1716118017579,
      "stop" : 1716118017579,
      "duration" : 0
    },
    "status" : "passed",
    "steps" : [ ],
    "attachments" : [ ],
    "parameters" : [ ],
    "attachmentsCount" : 0,
    "shouldDisplayMessage" : false,
    "stepsCount" : 0,
    "hasContent" : false
  }, {
    "name" : "driver",
    "time" : {
      "start" : 1716118017252,
      "stop" : 1716118017579,
      "duration" : 327
    },
    "status" : "passed",
    "steps" : [ ],
    "attachments" : [ ],
    "parameters" : [ ],
    "attachmentsCount" : 0,
    "shouldDisplayMessage" : false,
    "stepsCount" : 0,
    "hasContent" : false
  } ],
  "testStage" : {
    "description" : " Positive scenario to test if notification is shown and post indeed created ",
    "status" : "broken",
    "statusMessage" : "selenium.common.exceptions.TimeoutException: Message:",
    "statusTrace" : "self = <post_creation_test.TestPostCreation object at 0x7f7979568770>\n\n    @allure.title('Post creation')\n    @allure.severity('Critical')\n    def test_post_creation(self):\n        \"\"\" Positive scenario to test if notification is shown and post indeed created \"\"\"\n    \n        # Pre-condition\n>       self.login_page.login(self.data.EMAIL, self.data.PASSWORD)\n\ntests/post_creation_test.py:16: \n_ _ _ _ _ _ _ _ _ _ _ _ _ _ _ _ _ _ _ _ _ _ _ _ _ _ _ _ _ _ _ _ _ _ _ _ _ _ _ _ \npages/login_page.py:30: in login\n    self.click_submit()\npages/login_page.py:24: in click_submit\n    self.wait.until(EC.element_to_be_clickable(self.SUBMIT_BUTTON)).click()\n_ _ _ _ _ _ _ _ _ _ _ _ _ _ _ _ _ _ _ _ _ _ _ _ _ _ _ _ _ _ _ _ _ _ _ _ _ _ _ _ \n\nself = <selenium.webdriver.support.wait.WebDriverWait (session=\"3db9fc24db4b44651423563e0fd3b8c6\")>\nmethod = <function element_to_be_clickable.<locals>._predicate at 0x7f7979110720>\nmessage = ''\n\n    def until(self, method: Callable[[D], Union[Literal[False], T]], message: str = \"\") -> T:\n        \"\"\"Calls the method provided with the driver as an argument until the \\\n        return value does not evaluate to ``False``.\n    \n        :param method: callable(WebDriver)\n        :param message: optional message for :exc:`TimeoutException`\n        :returns: the result of the last call to `method`\n        :raises: :exc:`selenium.common.exceptions.TimeoutException` if timeout occurs\n        \"\"\"\n        screen = None\n        stacktrace = None\n    \n        end_time = time.monotonic() + self._timeout\n        while True:\n            try:\n                value = method(self._driver)\n                if value:\n                    return value\n            except self._ignored_exceptions as exc:\n                screen = getattr(exc, \"screen\", None)\n                stacktrace = getattr(exc, \"stacktrace\", None)\n            time.sleep(self._poll)\n            if time.monotonic() > end_time:\n                break\n>       raise TimeoutException(message, screen, stacktrace)\nE       selenium.common.exceptions.TimeoutException: Message:\n\n../local/lib/python3.12/site-packages/selenium/webdriver/support/wait.py:105: TimeoutException",
    "steps" : [ {
      "name" : "Open https://test.qa.saritasa.com/admin/login page",
      "time" : {
        "start" : 1716118017579,
        "stop" : 1716118017762,
        "duration" : 183
      },
      "status" : "passed",
      "steps" : [ ],
      "attachments" : [ ],
      "parameters" : [ ],
      "attachmentsCount" : 0,
      "shouldDisplayMessage" : false,
      "stepsCount" : 0,
      "hasContent" : false
    }, {
      "name" : "Entering email",
      "time" : {
        "start" : 1716118017762,
        "stop" : 1716118017814,
        "duration" : 52
      },
      "status" : "passed",
      "steps" : [ ],
      "attachments" : [ ],
      "parameters" : [ {
        "name" : "email",
        "value" : "''"
      } ],
      "attachmentsCount" : 0,
      "shouldDisplayMessage" : false,
      "stepsCount" : 0,
      "hasContent" : true
    }, {
      "name" : "Entering password",
      "time" : {
        "start" : 1716118017814,
        "stop" : 1716118017872,
        "duration" : 58
      },
      "status" : "passed",
      "steps" : [ ],
      "attachments" : [ ],
      "parameters" : [ {
        "name" : "password",
        "value" : "'NewQA123!'"
      } ],
      "attachmentsCount" : 0,
      "shouldDisplayMessage" : false,
      "stepsCount" : 0,
      "hasContent" : true
    }, {
      "name" : "Clicking submit button",
      "time" : {
        "start" : 1716118017872,
        "stop" : 1716118028005,
        "duration" : 10133
      },
      "status" : "broken",
      "statusMessage" : "selenium.common.exceptions.TimeoutException: Message: \n\n",
      "statusTrace" : "  File \"/usr/local/lib/python3.12/site-packages/allure_commons/_allure.py\", line 192, in impl\n    return func(*a, **kw)\n           ^^^^^^^^^^^^^^\n  File \"/usr/workspace/pages/login_page.py\", line 24, in click_submit\n    self.wait.until(EC.element_to_be_clickable(self.SUBMIT_BUTTON)).click()\n    ^^^^^^^^^^^^^^^^^^^^^^^^^^^^^^^^^^^^^^^^^^^^^^^^^^^^^^^^^^^^^^^\n  File \"/usr/local/lib/python3.12/site-packages/selenium/webdriver/support/wait.py\", line 105, in until\n    raise TimeoutException(message, screen, stacktrace)\n",
      "steps" : [ ],
      "attachments" : [ ],
      "parameters" : [ ],
      "attachmentsCount" : 0,
      "shouldDisplayMessage" : true,
      "stepsCount" : 0,
      "hasContent" : true
    } ],
    "attachments" : [ ],
    "parameters" : [ ],
    "attachmentsCount" : 0,
    "shouldDisplayMessage" : true,
    "stepsCount" : 4,
    "hasContent" : true
  },
  "afterStages" : [ {
    "name" : "driver::0",
    "time" : {
      "start" : 1716118028012,
      "stop" : 1716118028069,
      "duration" : 57
    },
    "status" : "passed",
    "steps" : [ ],
    "attachments" : [ ],
    "parameters" : [ ],
    "attachmentsCount" : 0,
    "shouldDisplayMessage" : false,
    "stepsCount" : 0,
    "hasContent" : false
  } ],
  "labels" : [ {
    "name" : "severity",
    "value" : "Critical"
  }, {
    "name" : "feature",
    "value" : "Post creation testing"
  }, {
    "name" : "parentSuite",
    "value" : "tests"
  }, {
    "name" : "suite",
    "value" : "post_creation_test"
  }, {
    "name" : "subSuite",
    "value" : "TestPostCreation"
  }, {
    "name" : "host",
    "value" : "5d30522d7c81"
  }, {
    "name" : "thread",
    "value" : "1-MainThread"
  }, {
    "name" : "framework",
    "value" : "pytest"
  }, {
    "name" : "language",
    "value" : "cpython3"
  }, {
    "name" : "package",
    "value" : "tests.post_creation_test"
  }, {
    "name" : "resultFormat",
    "value" : "allure2"
  } ],
  "parameters" : [ ],
  "links" : [ ],
  "hidden" : false,
  "retry" : false,
  "extra" : {
    "severity" : "critical",
    "retries" : [ ],
    "categories" : [ {
      "name" : "Test defects",
      "matchedStatuses" : [ ],
      "flaky" : false
    } ],
    "history" : {
      "statistic" : {
        "failed" : 0,
        "broken" : 8,
        "skipped" : 0,
        "passed" : 0,
        "unknown" : 0,
        "total" : 8
      },
      "items" : [ {
        "uid" : "a6477b51c705f04",
        "status" : "broken",
        "statusDetails" : "selenium.common.exceptions.TimeoutException: Message:",
        "time" : {
          "start" : 1716117381098,
          "stop" : 1716117391580,
          "duration" : 10482
        }
      }, {
        "uid" : "2c12a018295b7b5d",
        "status" : "broken",
        "statusDetails" : "selenium.common.exceptions.TimeoutException: Message:",
        "time" : {
          "start" : 1716117133665,
          "stop" : 1716117136088,
          "duration" : 2423
        }
      }, {
        "uid" : "49812bfab03f6c9c",
        "status" : "broken",
        "statusDetails" : "TypeError: 'NoneType' object is not iterable",
        "time" : {
          "start" : 1716116469386,
          "stop" : 1716116469652,
          "duration" : 266
        }
      }, {
        "uid" : "f0f01f3a8bc4dabd",
        "status" : "broken",
        "statusDetails" : "TypeError: 'NoneType' object is not iterable",
        "time" : {
          "start" : 1716116321037,
          "stop" : 1716116321238,
          "duration" : 201
        }
      }, {
        "uid" : "2257d94de71972ad",
        "status" : "broken",
        "statusDetails" : "TypeError: 'NoneType' object is not iterable",
        "time" : {
          "start" : 1716115467482,
          "stop" : 1716115467691,
          "duration" : 209
        }
      }, {
        "uid" : "ad5ed71716ffd135",
        "status" : "broken",
        "statusDetails" : "TypeError: 'NoneType' object is not iterable",
        "time" : {
          "start" : 1716113753080,
          "stop" : 1716113753284,
          "duration" : 204
        }
      }, {
        "uid" : "708359e831eee58f",
        "status" : "broken",
        "statusDetails" : "TypeError: 'NoneType' object is not iterable",
        "time" : {
          "start" : 1716113255211,
          "stop" : 1716113255483,
          "duration" : 272
        }
      } ]
    },
    "tags" : [ ]
  },
  "source" : "5dd31b2a144fa1f2.json",
  "parameterValues" : [ ]
}